Memory/proguard/seeds.txt
com.dailystudio.memory.MainActivity
com.dailystudio.memory.MainActivity: MainActivity()
com.dailystudio.memory.MainApplication
com.dailystudio.memory.MainApplication: MainApplication()
com.dailystudio.memory.MemoryDatabaseConnectivityProvider
com.dailystudio.memory.MemoryDatabaseConnectivityProvider: MemoryDatabaseConnectivityProvider()
com.dailystudio.memory.MemoryService
com.dailystudio.memory.MemoryService: MemoryService()
com.dailystudio.memory.R$anim
com.dailystudio.memory.R$anim: int about_in
com.dailystudio.memory.R$anim: int about_layout_anim
com.dailystudio.memory.R$anim: int actbar_overflow_dropdown_in
com.dailystudio.memory.R$anim: int actbar_overflow_dropdown_out
com.dailystudio.memory.R$anim: int actbar_overflow_popup_overlay_in
com.dailystudio.memory.R$anim: int actbar_overflow_popup_overlay_out
com.dailystudio.memory.R$anim: int actbar_prompt_in_bottom
com.dailystudio.memory.R$anim: int actbar_prompt_out_bottom
com.dailystudio.memory.R$anim: int ask_board_in
com.dailystudio.memory.R$anim: int ask_board_out
com.dailystudio.memory.R$anim: int char_layout_anim
com.dailystudio.memory.R$anim: int chart_in
com.dailystudio.memory.R$anim: int circle_item_in
com.dailystudio.memory.R$anim: int circle_layout_anim
com.dailystudio.memory.R$anim: int expand_list_item_in
com.dailystudio.memory.R$anim: int expand_list_item_layout_anim
com.dailystudio.memory.R$anim: int fade_in
com.dailystudio.memory.R$anim: int fade_out
com.dailystudio.memory.R$anim: int grid_item_in
com.dailystudio.memory.R$anim: int grid_layout_anim
com.dailystudio.memory.R$anim: int grow_fade_in
com.dailystudio.memory.R$anim: int grow_fade_in_center
com.dailystudio.memory.R$anim: int grow_fade_in_from_bottom
com.dailystudio.memory.R$anim: int gsm_login_anim_in
com.dailystudio.memory.R$anim: int gsm_login_anim_out
com.dailystudio.memory.R$anim: int guess_view
com.dailystudio.memory.R$anim: int list_item_in
com.dailystudio.memory.R$attr
com.dailystudio.memory.R$attr: int adSize
com.dailystudio.memory.R$attr: int adUnitId
com.dailystudio.memory.R$attr: int allowSingleTap
com.dailystudio.memory.R$attr: int animateOnClick
com.dailystudio.memory.R$attr: int bottomOffset
com.dailystudio.memory.R$attr: int cameraBearing
com.dailystudio.memory.R$attr: int cameraTargetLat
com.dailystudio.memory.R$attr: int cameraTargetLng
com.dailystudio.memory.R$attr: int cameraTilt
com.dailystudio.memory.R$attr: int cameraZoom
com.dailystudio.memory.R$attr: int content
com.dailystudio.memory.R$attr: int count
com.dailystudio.memory.R$attr: int handle
com.dailystudio.memory.R$attr: int mapType
com.dailystudio.memory.R$attr: int minDigits
com.dailystudio.memory.R$attr: int orientation
com.dailystudio.memory.R$attr: int textColor
com.dailystudio.memory.R$attr: int textSize
com.dailystudio.memory.R$attr: int textStyle
com.dailystudio.memory.R$attr: int topOffset
com.dailystudio.memory.R$attr: int uiCompass
com.dailystudio.memory.R$attr: int uiRotateGestures
com.dailystudio.memory.R$attr: int uiScrollGestures
com.dailystudio.memory.R$attr: int uiTiltGestures
com.dailystudio.memory.R$attr: int uiZoomControls
com.dailystudio.memory.R$attr: int uiZoomGestures
com.dailystudio.memory.R$attr: int useViewLifecycle
com.dailystudio.memory.R$attr: int zOrderOnTop
...
com.google.android.gms.maps.GoogleMapOptions
com.google.android.gms.maps.MapView: com.google.android.gms.maps.GoogleMap getMap()
com.google.android.gms.maps.model.CameraPosition
com.google.android.gms.maps.model.CircleOptions
com.google.android.gms.maps.model.GroundOverlayOptions
com.google.android.gms.maps.model.LatLng
com.google.android.gms.maps.model.LatLngBounds
com.google.android.gms.maps.model.MarkerOptions
com.google.android.gms.maps.model.PolygonOptions
com.google.android.gms.maps.model.PolylineOptions
com.google.android.gms.maps.model.Tile
com.google.android.gms.maps.model.TileOverlayOptions
com.google.android.gms.maps.model.VisibleRegion
com.google.android.gms.plus.PlusOneButton: void setOnPlusOneClickListener(com.google.android.gms.plus.PlusOneButton$OnPlusOneClickListener)
com.google.android.gms.plus.PlusOneButton: void setAnnotation(int)
com.google.android.gms.plus.PlusOneButton: void setSize(int)
com.google.android.gms.plus.PlusOneButtonWithPopup: void setOnClickListener(android.view.View$OnClickListener)
com.google.android.gms.plus.PlusOneButtonWithPopup: void setAnnotation(int)
com.google.android.gms.plus.PlusOneButtonWithPopup: void setSize(int)
com.google.android.gms.plus.PlusOneButtonWithPopup: android.app.PendingIntent getResolution()
com.google.android.gms.wallet.Address
com.google.android.gms.wallet.Address: android.os.Parcelable$Creator CREATOR
com.google.android.gms.wallet.Cart
com.google.android.gms.wallet.Cart: android.os.Parcelable$Creator CREATOR
com.google.android.gms.wallet.FullWallet
com.google.android.gms.wallet.FullWallet: android.os.Parcelable$Creator CREATOR
com.google.android.gms.wallet.FullWalletRequest
com.google.android.gms.wallet.FullWalletRequest: android.os.Parcelable$Creator CREATOR
com.google.android.gms.wallet.LineItem
com.google.android.gms.wallet.LineItem: android.os.Parcelable$Creator CREATOR
com.google.android.gms.wallet.LoyaltyWalletObject
com.google.android.gms.wallet.LoyaltyWalletObject: android.os.Parcelable$Creator CREATOR
com.google.android.gms.wallet.MaskedWallet
com.google.android.gms.wallet.MaskedWallet: android.os.Parcelable$Creator CREATOR
com.google.android.gms.wallet.MaskedWalletRequest
com.google.android.gms.wallet.MaskedWalletRequest: android.os.Parcelable$Creator CREATOR
com.google.android.gms.wallet.NotifyTransactionStatusRequest
com.google.android.gms.wallet.NotifyTransactionStatusRequest: android.os.Parcelable$Creator CREATOR
com.google.android.gms.wallet.OfferWalletObject
com.google.android.gms.wallet.OfferWalletObject: android.os.Parcelable$Creator CREATOR
com.google.android.gms.wallet.ProxyCard
com.google.android.gms.wallet.ProxyCard: android.os.Parcelable$Creator CREATOR
com.google.gson.FieldNamingPolicy: com.google.gson.FieldNamingPolicy[] values()
com.google.gson.FieldNamingPolicy: com.google.gson.FieldNamingPolicy valueOf(java.lang.String)
com.google.gson.LongSerializationPolicy: com.google.gson.LongSerializationPolicy[] values()
com.google.gson.LongSerializationPolicy: com.google.gson.LongSerializationPolicy valueOf(java.lang.String)
com.google.gson.stream.JsonScope: com.google.gson.stream.JsonScope[] values()
com.google.gson.stream.JsonScope: com.google.gson.stream.JsonScope valueOf(java.lang.String)
com.google.gson.stream.JsonToken: com.google.gson.stream.JsonToken[] values()
com.google.gson.stream.JsonToken: com.google.gson.stream.JsonToken valueOf(java.lang.String)
org.achartengine.GraphicalView: org.achartengine.model.SeriesSelection getCurrentSeriesAndPoint()
org.achartengine.GraphicalView: void setZoomRate(float)
org.achartengine.GraphicalView: android.graphics.RectF getZoomRectangle()
org.achartengine.chart.BarChart$Type: org.achartengine.chart.BarChart$Type[] values()
org.achartengine.chart.BarChart$Type: org.achartengine.chart.BarChart$Type valueOf(java.lang.String)
org.achartengine.chart.PointStyle: org.achartengine.chart.PointStyle[] values()
org.achartengine.chart.PointStyle: org.achartengine.chart.PointStyle valueOf(java.lang.String)