Memory/proguard/mapping.txt
com.dailystudio.memory.Constants -> com.dailystudio.memory.a:
    android.content.Intent DAILY_LIFE_ACTION_MAIN -> a
com.dailystudio.memory.MainActivity -> com.dailystudio.memory.MainActivity:
    com.google.android.gms.common.images.ImageManager mImageManager -> E
    android.support.v4.widget.DrawerLayout mSlider -> F
    android.support.v4.app.LoaderManager$LoaderCallbacks mAchievementLoaderCallbacks -> G
    android.support.v4.app.LoaderManager$LoaderCallbacks mLeaderboardLoaderCallbacks -> H
    android.os.Handler mHandler -> I
    void onCreate(android.os.Bundle) -> onCreate
    void setupViews() -> l
    void setupGdx() -> z
    void onDestroy() -> onDestroy
    void onActionBarOverflowDisplayed() -> m
    void onSignInSucceeded() -> n
    boolean onCreateOverflowMenu(android.view.Menu) -> a
    boolean onOverflowItemSelected(android.view.MenuItem) -> a
    void onListItemSelected(java.lang.Object) -> a
    void launchSliderMenu(android.database.Cursor) -> a
    void checkAndPushUncommittedAchievementsAndLeaderboards() -> A
    void cancelPushUncommittedAchievementsAndLeaderboards() -> B
    com.google.android.gms.games.GamesClient access$0(com.dailystudio.memory.MainActivity) -> a
    boolean access$1(com.dailystudio.memory.MainActivity) -> b
    android.support.v4.widget.DrawerLayout access$2(com.dailystudio.memory.MainActivity) -> c
com.dailystudio.memory.MainActivity$1 -> com.dailystudio.memory.b:
    com.dailystudio.memory.MainActivity this$0 -> a
    void onLoaderReset(android.support.v4.content.Loader) -> a
    void onLoadFinished(android.support.v4.content.Loader,java.util.List) -> a
    android.support.v4.content.Loader onCreateLoader(int,android.os.Bundle) -> a
    void onLoadFinished(android.support.v4.content.Loader,java.lang.Object) -> a
com.dailystudio.memory.MainActivity$2 -> com.dailystudio.memory.c:
    com.dailystudio.memory.MainActivity this$0 -> a
    void onLoaderReset(android.support.v4.content.Loader) -> a
    void onLoadFinished(android.support.v4.content.Loader,java.util.List) -> a
    android.support.v4.content.Loader onCreateLoader(int,android.os.Bundle) -> a
    void onLoadFinished(android.support.v4.content.Loader,java.lang.Object) -> a
com.dailystudio.memory.MainActivity$3 -> com.dailystudio.memory.d:
    com.dailystudio.memory.MainActivity this$0 -> a
    void run() -> run
com.dailystudio.memory.MainApplication -> com.dailystudio.memory.MainApplication:
    void onCreate() -> onCreate
    void onTerminate() -> onTerminate
com.dailystudio.memory.MemoryDatabaseConnectivityProvider -> com.dailystudio.memory.MemoryDatabaseConnectivityProvider:
com.dailystudio.memory.MemoryService -> com.dailystudio.memory.MemoryService:
    android.content.Intent SERVICE_INTENT -> a
    java.util.Observer mAppObserver -> b
    android.os.IBinder onBind(android.content.Intent) -> onBind
    void onCreate() -> onCreate
    void onConfigurationChanged(android.content.res.Configuration) -> onConfigurationChanged
    void initService() -> a
    void reinitService() -> b
    void initObservables() -> c
    void onDestroy() -> onDestroy
    void startAchivementSerivce() -> d
    void stopAchivementSerivce() -> e
com.dailystudio.memory.MemoryService$1 -> com.dailystudio.memory.e:
    com.dailystudio.memory.MemoryService this$0 -> a
    void update(java.util.Observable,java.lang.Object) -> update
com.dailystudio.memory.R -> com.dailystudio.memory.R:
...
com.google.android.gms.plus.model.people.Person$Cover$CoverInfo -> com.google.android.gms.c.a.b.d:
com.google.android.gms.plus.model.people.Person$Cover$CoverPhoto -> com.google.android.gms.c.a.b.e:
com.google.android.gms.plus.model.people.Person$Image -> com.google.android.gms.c.a.b.f:
com.google.android.gms.plus.model.people.Person$Name -> com.google.android.gms.c.a.b.g:
com.google.android.gms.plus.model.people.Person$Organizations -> com.google.android.gms.c.a.b.h:
com.google.android.gms.plus.model.people.Person$PlacesLived -> com.google.android.gms.c.a.b.i:
com.google.android.gms.plus.model.people.Person$Urls -> com.google.android.gms.c.a.b.j:
com.google.android.gms.wallet.Address -> com.google.android.gms.wallet.Address:
    android.os.Parcelable$Creator CREATOR -> CREATOR
    int iM -> l
    java.lang.String name -> a
    java.lang.String tu -> b
    java.lang.String tv -> c
    java.lang.String tw -> d
    java.lang.String hl -> e
    java.lang.String tx -> f
    java.lang.String ty -> g
    java.lang.String tz -> h
    java.lang.String tA -> i
    boolean tB -> j
    java.lang.String tC -> k
    int getVersionCode() -> a
    int describeContents() -> describeContents
    void writeToParcel(android.os.Parcel,int) -> writeToParcel
com.google.android.gms.wallet.Cart -> com.google.android.gms.wallet.Cart:
    android.os.Parcelable$Creator CREATOR -> CREATOR
    int iM -> d
    java.lang.String tD -> a
    java.lang.String tE -> b
    java.util.ArrayList tF -> c
    int getVersionCode() -> a
    int describeContents() -> describeContents
    void writeToParcel(android.os.Parcel,int) -> writeToParcel
com.google.android.gms.wallet.FullWallet -> com.google.android.gms.wallet.FullWallet:
    android.os.Parcelable$Creator CREATOR -> CREATOR
    int iM -> h
    java.lang.String tH -> a
    java.lang.String tI -> b
    com.google.android.gms.wallet.ProxyCard tJ -> c
    java.lang.String tK -> d
    com.google.android.gms.wallet.Address tL -> e
    com.google.android.gms.wallet.Address tM -> f
    java.lang.String[] tN -> g
    int getVersionCode() -> a
    int describeContents() -> describeContents
    void writeToParcel(android.os.Parcel,int) -> writeToParcel
com.google.android.gms.wallet.FullWalletRequest -> com.google.android.gms.wallet.FullWalletRequest:
    android.os.Parcelable$Creator CREATOR -> CREATOR
    int iM -> d
    java.lang.String tH -> a
    java.lang.String tI -> b
    com.google.android.gms.wallet.Cart tO -> c
    int getVersionCode() -> a
    int describeContents() -> describeContents
    void writeToParcel(android.os.Parcel,int) -> writeToParcel
com.google.android.gms.wallet.LineItem -> com.google.android.gms.wallet.LineItem:
    android.os.Parcelable$Creator CREATOR -> CREATOR
    int iM -> g
    java.lang.String description -> a
    java.lang.String tQ -> b
    java.lang.String tR -> c
    java.lang.String tD -> d
    int tS -> e
    java.lang.String tE -> f
    int getVersionCode() -> a
    int describeContents() -> describeContents
    void writeToParcel(android.os.Parcel,int) -> writeToParcel
com.google.android.gms.wallet.LoyaltyWalletObject -> com.google.android.gms.wallet.LoyaltyWalletObject:
    android.os.Parcelable$Creator CREATOR -> CREATOR
    int iM -> f
    java.lang.String tU -> a
    java.lang.String tV -> b
    java.lang.String tW -> c
    java.lang.String tX -> d
    java.lang.String tY -> e
    int getVersionCode() -> a
    int describeContents() -> describeContents
    void writeToParcel(android.os.Parcel,int) -> writeToParcel