Memory/proguard/usage.txt
com.dailystudio.memory.BuildConfig
com.dailystudio.memory.Constants:
    public static final int INVALID_RESOURCE_ID
    public static final int MIN_EXEC_PERIOD
    public static final long INVALID_TIME
    public static final int INVALID_ID
    public static final java.lang.String MEMORY_SEARCH_AUTHORITY
    public static final java.lang.String MEMORY_DATABASE_AUTHORITY
    public static final java.lang.String DAILY_LIFE_CATEGORY
    public static final java.lang.String DAILY_ACTIVITY_CATEGORY_DEFAILT
    public static final java.lang.String APP_OBSERVABLE
    public static final java.lang.String XML_TAG_OBSERVABLES
    public static final java.lang.String XML_TAG_OBSERVABLE
    public static final java.lang.String CATEGORY_MAIN
    public static final java.lang.String ACTION_REGISTER_PLUGIN
    public static final java.lang.String ACTION_UNREGISTER_PLUGIN
    public static final java.lang.String ACTION_CREATE_TASK
    public static final java.lang.String ACTION_DESTROY_TASK
    public static final java.lang.String ACTION_EXECUTE_TASK
    public static final java.lang.String ACTION_PAUSE_TASK
    public static final java.lang.String ACTION_RESUME_TASK
    public static final java.lang.String ACTION_KEEP_ALIVE_TASK
    public static final java.lang.String ACTION_REQUEST_EXECUTE_TASK
    public static final java.lang.String ACTION_CLEAR_TASKS
    public static final java.lang.String EXTRA_TIME
    public static final java.lang.String EXTRA_TASK_CLASS
    public static final java.lang.String EXTRA_TASK_ID
com.dailystudio.memory.MainActivity:
    private static final long SLIDER_AUTO_SHOW_DELAY
com.dailystudio.memory.MainPagerActivity
com.dailystudio.memory.Manifest
com.dailystudio.memory.Manifest$permission
com.dailystudio.memory.MemoryService:
    private static final int NOTIFY_ID_SERVICE
com.dailystudio.memory.R:
    10:10:public R()
com.dailystudio.memory.activity.ActionBar$LayoutParams:
    32:33:public ActionBar$LayoutParams(android.content.Context,android.util.AttributeSet)
    36:37:public ActionBar$LayoutParams(int,int)
    45:46:public ActionBar$LayoutParams(android.view.ViewGroup$LayoutParams)
    49:50:public ActionBar$LayoutParams(android.view.ViewGroup$MarginLayoutParams)
com.dailystudio.memory.activity.ActionBarActivity:
    private static final java.lang.String SAVED_STATE_OVERFLOW_SHOWN
    private static final long INDETERMINATE_PRG_INTERVAL
    private static final long INDETERMINATE_PRG_INCREMENT
    private static final long DEFAULT_PROMPT_DELAY
    168:178:protected void setActionBarEnabled(boolean)
    185:186:public void showFragment(int)
    193:194:public void showFragment(android.support.v4.app.Fragment)
    214:215:public void hideFragment(int)
    222:223:public void hideFragment(android.support.v4.app.Fragment)
    383:398:public void setActionBarIndeterminateProgress(boolean)
com.dailystudio.memory.activity.MemoryCoreAppCheckActivity
com.dailystudio.memory.activity.MemoryCoreAppCheckActivity$1
com.dailystudio.memory.activity.MemoryCoreAppCheckActivity$2
com.dailystudio.memory.activity.MemoryCoreAppCheckActivity$3
com.dailystudio.memory.activity.MemoryCoreAppCheckActivity$4
com.dailystudio.memory.activity.MemoryCoreAppCheckActivity$5
com.dailystudio.memory.activity.MemoryCoreAppCheckActivity$6
com.dailystudio.memory.activity.MemoryCoreAppCheckActivity$ConfirmDialogFragment
com.dailystudio.memory.activity.MemoryCoreAppCheckActivity$CoreAppCheckAsyncTask
com.dailystudio.memory.activity.MemoryPeroidChartActivity
com.dailystudio.memory.activity.ShowcaseActivity
com.dailystudio.memory.app.MemoryPieceQueryReceiver:
    protected abstract void onQueryMemoryPiceceDigest(android.content.Context)
com.dailystudio.memory.appwidget.AppWidgetChartDataAsyncTask
com.dailystudio.memory.appwidget.AppWidgetDataAsyncTask
com.dailystudio.memory.appwidget.ConvertedAppWidgetChartDataAsyncTask
com.dailystudio.memory.appwidget.ConvertedAppWidgetDataAsyncTask
...
com.google.android.gms.maps.internal.l$a
com.google.android.gms.maps.internal.l$a$a
com.google.android.gms.maps.internal.m
com.google.android.gms.maps.internal.m$a
com.google.android.gms.maps.internal.m$a$a
com.google.android.gms.maps.internal.n
com.google.android.gms.maps.internal.n$a
com.google.android.gms.maps.internal.n$a$a
com.google.android.gms.maps.internal.o
com.google.android.gms.maps.internal.o$a
com.google.android.gms.maps.internal.o$a$a
com.google.android.gms.maps.internal.p
com.google.android.gms.maps.internal.q
com.google.android.gms.maps.model.BitmapDescriptorFactory
com.google.android.gms.maps.model.CameraPosition:
    public CameraPosition(com.google.android.gms.maps.model.LatLng,float,float,float)
    public static final com.google.android.gms.maps.model.CameraPosition fromLatLngZoom(com.google.android.gms.maps.model.LatLng,float)
    public static com.google.android.gms.maps.model.CameraPosition$Builder builder()
    public static com.google.android.gms.maps.model.CameraPosition$Builder builder(com.google.android.gms.maps.model.CameraPosition)
    public static com.google.android.gms.maps.model.CameraPosition createFromAttributes(android.content.Context,android.util.AttributeSet)
com.google.android.gms.maps.model.CameraPosition$Builder
com.google.android.gms.maps.model.CameraPositionCreator:
    public static final int CONTENT_DESCRIPTION
com.google.android.gms.maps.model.Circle
com.google.android.gms.maps.model.CircleOptions:
    public com.google.android.gms.maps.model.CircleOptions center(com.google.android.gms.maps.model.LatLng)
    public com.google.android.gms.maps.model.CircleOptions radius(double)
    public com.google.android.gms.maps.model.CircleOptions strokeWidth(float)
    public com.google.android.gms.maps.model.CircleOptions strokeColor(int)
    public com.google.android.gms.maps.model.CircleOptions fillColor(int)
    public com.google.android.gms.maps.model.CircleOptions zIndex(float)
    public com.google.android.gms.maps.model.CircleOptions visible(boolean)
com.google.android.gms.maps.model.CircleOptionsCreator:
    public static final int CONTENT_DESCRIPTION
com.google.android.gms.maps.model.GroundOverlay
com.google.android.gms.maps.model.GroundOverlayOptions:
    public static final float NO_DIMENSION
    public com.google.android.gms.maps.model.GroundOverlayOptions image(com.google.android.gms.maps.model.BitmapDescriptor)
    public com.google.android.gms.maps.model.GroundOverlayOptions anchor(float,float)
    public com.google.android.gms.maps.model.GroundOverlayOptions position(com.google.android.gms.maps.model.LatLng,float)
    public com.google.android.gms.maps.model.GroundOverlayOptions position(com.google.android.gms.maps.model.LatLng,float,float)
    private com.google.android.gms.maps.model.GroundOverlayOptions a(com.google.android.gms.maps.model.LatLng,float,float)
    public com.google.android.gms.maps.model.GroundOverlayOptions positionFromBounds(com.google.android.gms.maps.model.LatLngBounds)
    public com.google.android.gms.maps.model.GroundOverlayOptions bearing(float)
    public com.google.android.gms.maps.model.GroundOverlayOptions zIndex(float)
    public com.google.android.gms.maps.model.GroundOverlayOptions visible(boolean)
    public com.google.android.gms.maps.model.GroundOverlayOptions transparency(float)
    public com.google.android.gms.maps.model.BitmapDescriptor getImage()
com.google.android.gms.maps.model.GroundOverlayOptionsCreator:
    public static final int CONTENT_DESCRIPTION
com.google.android.gms.maps.model.LatLng:
    public LatLng(double,double)